Arguments: 
  /usr/local/bin/node /usr/local/Cellar/yarn/1.19.2/libexec/bin/yarn.js add react-google-maps

PATH: 
  /Users/shahad/.rbenv/shims:/Library/Frameworks/Python.framework/Versions/3.7/bin:/usr/local/bin:/usr/bin:/bin:/usr/sbin:/sbin:/usr/local/share/dotnet:~/.dotnet/tools:/Library/Frameworks/Mono.framework/Versions/Current/Commands:/Applications/Xamarin Workbooks.app/Contents/SharedSupport/path-bin:/Users/shahad/.rbenv/shims:/Users/shahad/anaconda3/bin:/Users/shahad/anaconda3/condabin:/Library/Frameworks/Python.framework/Versions/3.7/bin

Yarn version: 
  1.19.2

Node version: 
  10.16.3

Platform: 
  darwin x64

Trace: 
  Error: EACCES: permission denied, unlink '/Users/shahad/Desktop/SEI/projects/Faz3a/node_modules/react-google-map/CHANGELOG.md'

npm manifest: 
  {
    "name": "Faz3a",
    "version": "1.0.0",
    "description": "",
    "main": "index.js",
    "scripts": {
      "test": "echo \"Error: no test specified\" && exit 1"
    },
    "repository": {
      "type": "git",
      "url": "git+https://github.com/HishamBS/Faz3a.git"
    },
    "keywords": [],
    "author": "",
    "license": "ISC",
    "bugs": {
      "url": "https://github.com/HishamBS/Faz3a/issues"
    },
    "homepage": "https://github.com/HishamBS/Faz3a#readme",
    "dependencies": {
      "admin-bro": "^1.4.2",
      "admin-bro-expressjs": "^0.3.0",
      "admin-bro-mongoose": "^0.3.0",
      "admin-bro-theme-dark": "^1.0.0",
      "argon2": "^0.25.1",
      "bcrypt": "^3.0.7",
      "cors": "^2.8.5",
      "dotenv": "^8.2.0",
      "express": "^4.17.1",
      "express-session": "^1.17.0",
      "jsonwebtoken": "^8.5.1",
      "mongoose": "^5.8.0",
      "nodemon": "^2.0.2",
      "passport": "^0.4.1",
      "passport-auth0": "^1.3.1",
      "react-router-dom": "^5.1.2"
    }
  }

yarn manifest: 
  No manifest

Lockfile: 
  No lockfile
